<?xml version="1.0" encoding="UTF-8"?>
<coverage generated="1616380585">
  <project timestamp="1616380585">
    <file name="C:\OpenServer\domains\Urling\tests\BaseEditors\BasePartEditorTest.php">
      <class name="Urling\Tests\BaseEditors\BasePartEditorTest" namespace="global">
        <metrics complexity="42" methods="42" coveredmethods="34" conditionals="0" coveredconditionals="0" statements="132" coveredstatements="124" elements="174" coveredelements="158"/>
      </class>
      <line num="22" type="method" name="setUp" visibility="protected" complexity="1" crap="1" count="40"/>
      <line num="24" type="stmt" count="40"/>
      <line num="25" type="stmt" count="40"/>
      <line num="26" type="stmt" count="40"/>
      <line num="33" type="method" name="tearDown" visibility="protected" complexity="1" crap="1" count="40"/>
      <line num="36" type="stmt" count="40"/>
      <line num="53" type="method" name="testGetScheme" visibility="public" complexity="1" crap="1" count="1"/>
      <line num="55" type="stmt" count="1"/>
      <line num="56" type="stmt" count="1"/>
      <line num="61" type="method" name="testAddScheme" visibility="public" complexity="1" crap="1" count="1"/>
      <line num="64" type="stmt" count="1"/>
      <line num="66" type="stmt" count="1"/>
      <line num="68" type="stmt" count="1"/>
      <line num="69" type="stmt" count="1"/>
      <line num="74" type="method" name="testUpdateScheme" visibility="public" complexity="1" crap="1" count="1"/>
      <line num="76" type="stmt" count="1"/>
      <line num="78" type="stmt" count="1"/>
      <line num="79" type="stmt" count="1"/>
      <line num="84" type="method" name="testDeleteScheme" visibility="public" complexity="1" crap="1" count="1"/>
      <line num="86" type="stmt" count="1"/>
      <line num="87" type="stmt" count="1"/>
      <line num="98" type="method" name="testGetUser" visibility="public" complexity="1" crap="1" count="1"/>
      <line num="100" type="stmt" count="1"/>
      <line num="101" type="stmt" count="1"/>
      <line num="106" type="method" name="testAddUser" visibility="public" complexity="1" crap="1" count="1"/>
      <line num="109" type="stmt" count="1"/>
      <line num="111" type="stmt" count="1"/>
      <line num="113" type="stmt" count="1"/>
      <line num="114" type="stmt" count="1"/>
      <line num="119" type="method" name="testUpdateUser" visibility="public" complexity="1" crap="1" count="1"/>
      <line num="121" type="stmt" count="1"/>
      <line num="123" type="stmt" count="1"/>
      <line num="124" type="stmt" count="1"/>
      <line num="129" type="method" name="testDeleteUser" visibility="public" complexity="1" crap="1" count="1"/>
      <line num="131" type="stmt" count="1"/>
      <line num="132" type="stmt" count="1"/>
      <line num="143" type="method" name="testGetPass" visibility="public" complexity="1" crap="1" count="1"/>
      <line num="145" type="stmt" count="1"/>
      <line num="146" type="stmt" count="1"/>
      <line num="151" type="method" name="testAddPass" visibility="public" complexity="1" crap="1" count="1"/>
      <line num="154" type="stmt" count="1"/>
      <line num="156" type="stmt" count="1"/>
      <line num="158" type="stmt" count="1"/>
      <line num="159" type="stmt" count="1"/>
      <line num="164" type="method" name="testUpdatePass" visibility="public" complexity="1" crap="1" count="1"/>
      <line num="166" type="stmt" count="1"/>
      <line num="168" type="stmt" count="1"/>
      <line num="169" type="stmt" count="1"/>
      <line num="174" type="method" name="testDeletePass" visibility="public" complexity="1" crap="1" count="1"/>
      <line num="176" type="stmt" count="1"/>
      <line num="177" type="stmt" count="1"/>
      <line num="188" type="method" name="testGetHost" visibility="public" complexity="1" crap="1" count="1"/>
      <line num="190" type="stmt" count="1"/>
      <line num="191" type="stmt" count="1"/>
      <line num="196" type="method" name="testAddHost" visibility="public" complexity="1" crap="1" count="1"/>
      <line num="199" type="stmt" count="1"/>
      <line num="201" type="stmt" count="1"/>
      <line num="203" type="stmt" count="1"/>
      <line num="204" type="stmt" count="1"/>
      <line num="209" type="method" name="testUpdateHost" visibility="public" complexity="1" crap="1" count="1"/>
      <line num="211" type="stmt" count="1"/>
      <line num="213" type="stmt" count="1"/>
      <line num="214" type="stmt" count="1"/>
      <line num="219" type="method" name="testDeleteHost" visibility="public" complexity="1" crap="1" count="1"/>
      <line num="221" type="stmt" count="1"/>
      <line num="222" type="stmt" count="1"/>
      <line num="233" type="method" name="testGetPort" visibility="public" complexity="1" crap="1" count="1"/>
      <line num="235" type="stmt" count="1"/>
      <line num="236" type="stmt" count="1"/>
      <line num="241" type="method" name="testAddPort" visibility="public" complexity="1" crap="1" count="1"/>
      <line num="244" type="stmt" count="1"/>
      <line num="246" type="stmt" count="1"/>
      <line num="248" type="stmt" count="1"/>
      <line num="249" type="stmt" count="1"/>
      <line num="254" type="method" name="testUpdatePort" visibility="public" complexity="1" crap="1" count="1"/>
      <line num="256" type="stmt" count="1"/>
      <line num="258" type="stmt" count="1"/>
      <line num="259" type="stmt" count="1"/>
      <line num="264" type="method" name="testDeletePort" visibility="public" complexity="1" crap="1" count="1"/>
      <line num="266" type="stmt" count="1"/>
      <line num="267" type="stmt" count="1"/>
      <line num="278" type="method" name="testGetPath" visibility="public" complexity="1" crap="1" count="1"/>
      <line num="280" type="stmt" count="1"/>
      <line num="281" type="stmt" count="1"/>
      <line num="286" type="method" name="testAddPath" visibility="public" complexity="1" crap="1" count="1"/>
      <line num="289" type="stmt" count="1"/>
      <line num="291" type="stmt" count="1"/>
      <line num="293" type="stmt" count="1"/>
      <line num="294" type="stmt" count="1"/>
      <line num="299" type="method" name="testUpdatePath" visibility="public" complexity="1" crap="1" count="1"/>
      <line num="301" type="stmt" count="1"/>
      <line num="303" type="stmt" count="1"/>
      <line num="304" type="stmt" count="1"/>
      <line num="309" type="method" name="testDeletePath" visibility="public" complexity="1" crap="1" count="1"/>
      <line num="311" type="stmt" count="1"/>
      <line num="312" type="stmt" count="1"/>
      <line num="323" type="method" name="testGetQuery" visibility="public" complexity="1" crap="1" count="1"/>
      <line num="325" type="stmt" count="1"/>
      <line num="326" type="stmt" count="1"/>
      <line num="331" type="method" name="testAddQuery" visibility="public" complexity="1" crap="1" count="1"/>
      <line num="334" type="stmt" count="1"/>
      <line num="336" type="stmt" count="1"/>
      <line num="338" type="stmt" count="1"/>
      <line num="339" type="stmt" count="1"/>
      <line num="344" type="method" name="testUpdateQuery" visibility="public" complexity="1" crap="1" count="1"/>
      <line num="346" type="stmt" count="1"/>
      <line num="348" type="stmt" count="1"/>
      <line num="349" type="stmt" count="1"/>
      <line num="354" type="method" name="testDeleteQuery" visibility="public" complexity="1" crap="1" count="1"/>
      <line num="356" type="stmt" count="1"/>
      <line num="357" type="stmt" count="1"/>
      <line num="368" type="method" name="testGetFragment" visibility="public" complexity="1" crap="1" count="1"/>
      <line num="370" type="stmt" count="1"/>
      <line num="371" type="stmt" count="1"/>
      <line num="376" type="method" name="testAddFragment" visibility="public" complexity="1" crap="1" count="1"/>
      <line num="379" type="stmt" count="1"/>
      <line num="381" type="stmt" count="1"/>
      <line num="383" type="stmt" count="1"/>
      <line num="384" type="stmt" count="1"/>
      <line num="389" type="method" name="testUpdateFragment" visibility="public" complexity="1" crap="1" count="1"/>
      <line num="391" type="stmt" count="1"/>
      <line num="393" type="stmt" count="1"/>
      <line num="394" type="stmt" count="1"/>
      <line num="399" type="method" name="testDeleteFragment" visibility="public" complexity="1" crap="1" count="1"/>
      <line num="401" type="stmt" count="1"/>
      <line num="402" type="stmt" count="1"/>
      <line num="413" type="method" name="testAddSchemeException" visibility="public" complexity="1" crap="1.01" count="1"/>
      <line num="415" type="stmt" count="1"/>
      <line num="418" type="stmt" count="1"/>
      <line num="419" type="stmt" count="1"/>
      <line num="421" type="stmt" count="1"/>
      <line num="422" type="stmt" count="0"/>
      <line num="427" type="method" name="testAddUserException" visibility="public" complexity="1" crap="1.01" count="1"/>
      <line num="429" type="stmt" count="1"/>
      <line num="432" type="stmt" count="1"/>
      <line num="433" type="stmt" count="1"/>
      <line num="435" type="stmt" count="1"/>
      <line num="436" type="stmt" count="0"/>
      <line num="441" type="method" name="testAddPassException" visibility="public" complexity="1" crap="1.01" count="1"/>
      <line num="443" type="stmt" count="1"/>
      <line num="446" type="stmt" count="1"/>
      <line num="447" type="stmt" count="1"/>
      <line num="449" type="stmt" count="1"/>
      <line num="450" type="stmt" count="0"/>
      <line num="455" type="method" name="testAddHostException" visibility="public" complexity="1" crap="1.01" count="1"/>
      <line num="457" type="stmt" count="1"/>
      <line num="460" type="stmt" count="1"/>
      <line num="461" type="stmt" count="1"/>
      <line num="463" type="stmt" count="1"/>
      <line num="464" type="stmt" count="0"/>
      <line num="469" type="method" name="testAddPortException" visibility="public" complexity="1" crap="1.01" count="1"/>
      <line num="471" type="stmt" count="1"/>
      <line num="474" type="stmt" count="1"/>
      <line num="475" type="stmt" count="1"/>
      <line num="477" type="stmt" count="1"/>
      <line num="478" type="stmt" count="0"/>
      <line num="483" type="method" name="testAddPathException" visibility="public" complexity="1" crap="1.01" count="1"/>
      <line num="485" type="stmt" count="1"/>
      <line num="488" type="stmt" count="1"/>
      <line num="489" type="stmt" count="1"/>
      <line num="491" type="stmt" count="1"/>
      <line num="492" type="stmt" count="0"/>
      <line num="497" type="method" name="testAddQueryException" visibility="public" complexity="1" crap="1.01" count="1"/>
      <line num="499" type="stmt" count="1"/>
      <line num="502" type="stmt" count="1"/>
      <line num="503" type="stmt" count="1"/>
      <line num="505" type="stmt" count="1"/>
      <line num="506" type="stmt" count="0"/>
      <line num="511" type="method" name="testAddFragmentException" visibility="public" complexity="1" crap="1.01" count="1"/>
      <line num="513" type="stmt" count="1"/>
      <line num="516" type="stmt" count="1"/>
      <line num="517" type="stmt" count="1"/>
      <line num="519" type="stmt" count="1"/>
      <line num="520" type="stmt" count="0"/>
      <metrics loc="520" ncloc="348" classes="1" methods="42" coveredmethods="34" conditionals="0" coveredconditionals="0" statements="132" coveredstatements="124" elements="174" coveredelements="158"/>
    </file>
    <file name="C:\OpenServer\domains\Urling\tests\BaseEditors\BaseUrlEditorTest.php">
      <class name="Urling\Tests\BaseEditors\BaseUrlEditorTest" namespace="global">
        <metrics complexity="7" methods="7" coveredmethods="6" conditionals="0" coveredconditionals="0" statements="18" coveredstatements="17" elements="25" coveredelements="23"/>
      </class>
      <line num="22" type="method" name="setUp" visibility="protected" complexity="1" crap="1" count="5"/>
      <line num="24" type="stmt" count="5"/>
      <line num="25" type="stmt" count="5"/>
      <line num="26" type="stmt" count="5"/>
      <line num="33" type="method" name="tearDown" visibility="protected" complexity="1" crap="1" count="5"/>
      <line num="36" type="stmt" count="5"/>
      <line num="41" type="method" name="testAddUrl" visibility="public" complexity="1" crap="1" count="1"/>
      <line num="43" type="stmt" count="1"/>
      <line num="46" type="stmt" count="1"/>
      <line num="48" type="stmt" count="1"/>
      <line num="49" type="stmt" count="1"/>
      <line num="54" type="method" name="testGetUrl" visibility="public" complexity="1" crap="1" count="1"/>
      <line num="56" type="stmt" count="1"/>
      <line num="57" type="stmt" count="1"/>
      <line num="62" type="method" name="testUpdateUrl" visibility="public" complexity="1" crap="1" count="1"/>
      <line num="64" type="stmt" count="1"/>
      <line num="66" type="stmt" count="1"/>
      <line num="67" type="stmt" count="1"/>
      <line num="72" type="method" name="testDeleteUrl" visibility="public" complexity="1" crap="1" count="1"/>
      <line num="74" type="stmt" count="1"/>
      <line num="75" type="stmt" count="1"/>
      <line num="80" type="method" name="testAddUrlException" visibility="public" complexity="1" crap="1.04" count="1"/>
      <line num="82" type="stmt" count="1"/>
      <line num="83" type="stmt" count="1"/>
      <line num="84" type="stmt" count="0"/>
      <metrics loc="84" ncloc="59" classes="1" methods="7" coveredmethods="6" conditionals="0" coveredconditionals="0" statements="18" coveredstatements="17" elements="25" coveredelements="23"/>
    </file>
    <metrics files="2" loc="604" ncloc="407" classes="2" methods="49" coveredmethods="40" conditionals="0" coveredconditionals="0" statements="150" coveredstatements="141" elements="199" coveredelements="181"/>
  </project>
</coverage>
